<?xml version="1.0" encoding="UTF-8"?>
<!-- Generated by org.testng.reporters.JUnitReportReporter -->
<testsuite hostname="pnt123" name="navigation.NavTab" tests="1" failures="0" timestamp="13 Dec 2014 19:26:23 GMT" time="59.422" errors="0">
  <testcase name="testTab" time="59.422" classname="navigation.NavTab"/>
</testsuite> <!-- navigation.NavTab -->
